==========================================
SLURM_JOB_ID = 18111464
SLURM_JOB_NODELIST = d05-[27-28]
TMPDIR = /tmp/SLURM_18111464
==========================================
The number of processes: 1
The number of items: 10000000
The space limit: 1000000
Final space used: 999045.140004
Total values obtained: 2575048.999998
Execution time (s): 18.022757

The number of processes: 2
The number of items: 10000000
The space limit: 1000000
Final space used: 999045.140004
Total values obtained: 2575048.999998
Execution time (s): 9.208229

The number of processes: 4
The number of items: 10000000
The space limit: 1000000
Final space used: 999045.140004
Total values obtained: 2575048.999998
Execution time (s): 4.792764

The number of processes: 8
The number of items: 10000000
The space limit: 1000000
Final space used: 999045.140004
Total values obtained: 2575048.999998
Execution time (s): 2.770686

The number of items: 10000000
The space limit: 1000000
Final space used: 999045.140004
Total values obtained: 2575048.999998
Execution time (s): 6.350000
The number of items: 10000000
The space limit: 1000000
Final space used: 1000000.000000
Total values obtained: 2576290.309998
Execution time (s): 60.350000
